<?xml version="1.0" encoding="UTF-8"?>
<!-- Generated by org.testng.reporters.JUnitXMLReporter -->
<testsuite hostname="B9GBMITE1E" ignored="0" name="WeKanTest" tests="36" failures="0" timestamp="06 Mar 2018 09:47:39 GMT" time="233.634" errors="0">
  <testcase name="toVerifyLanguageIsChangingAccordingToSelectionMadeFromLanguageDropdownMenu" time="0.269" classname="WeKanTest.SignUpTestSuite"/>
  <testcase name="toVerifySignUpPageIsLoadedCorrectlyWithUserNameEmailAndPasswordInputFieldRegisterButtonSignInlinkAndDropdownmenu" time="0.319" classname="WeKanTest.SignUpTestSuite"/>
  <testcase name="toVerifyUserShouldBeAbleToNavigateToSignInPage" time="0.282" classname="WeKanTest.SignUpTestSuite"/>
  <testcase name="toVerifyUserShouldBeAbleToNavigateToSignUpPage" time="0.205" classname="WeKanTest.SignUpTestSuite"/>
  <testcase name="toVerifyUserShouldBeAbleToRegisterwithValidUserNameAndValidPassword" time="1.009" classname="WeKanTest.SignUpTestSuite"/>
  <testcase name="toVerifyUserShouldNotBeAbleToRegisterwithValidUserNameValidEmailAndInvalidPassword" time="0.633" classname="WeKanTest.SignUpTestSuite"/>
  <testcase name="toVerifyUserShouldNotBeAbleToRegisterwithValidUserNameValidEmailAndBlankPassword" time="0.556" classname="WeKanTest.SignUpTestSuite"/>
  <testcase name="toVerifyUserShouldNotBeAbleToRegisterwithValidUserNameInvalidEmailAndValidPassword" time="0.544" classname="WeKanTest.SignUpTestSuite"/>
  <testcase name="toVerifyUserShouldNotBeAbleToRegisterwithValidUserNameInvalidEmailAndInvalidPassword" time="0.555" classname="WeKanTest.SignUpTestSuite"/>
  <testcase name="toVerifyUserShouldNotBeAbleToRegisterwithValidUserNameInvalidEmailAndBlankPassword" time="0.486" classname="WeKanTest.SignUpTestSuite"/>
  <testcase name="toVerifyUserShouldNotBeAbleToRegisterwithValidUserNameBlankEmailAndValidPassword" time="0.474" classname="WeKanTest.SignUpTestSuite"/>
  <testcase name="toVerifyUserShouldNotBeAbleToRegisterwithValidUserNameBlankEmailAndInvalidPassword" time="0.549" classname="WeKanTest.SignUpTestSuite"/>
  <testcase name="toVerifyUserShouldNotBeAbleToRegisterwithValidUserNameBlankEmailAndBlankPassword" time="0.411" classname="WeKanTest.SignUpTestSuite"/>
  <testcase name="toVerifyUserShouldNotBeAbleToRegisterwithInvalidUserNameValidEmailAndValidPassword" time="5.202" classname="WeKanTest.SignUpTestSuite"/>
  <testcase name="toVerifyUserShouldNotBeAbleToRegisterwithInvalidUserNameValidEmailAndInvalidPassword" time="5.141" classname="WeKanTest.SignUpTestSuite"/>
  <testcase name="toVerifyUserShouldNotBeAbleToRegisterwithInvalidUserNameValidEmailAndBlankPassword" time="4.915" classname="WeKanTest.SignUpTestSuite"/>
  <testcase name="toVerifyUserShouldNotBeAbleToRegisterwithInvalidUserNameInvalidEmailAndValidPassword" time="5.028" classname="WeKanTest.SignUpTestSuite"/>
  <testcase name="toVerifyUserShouldNotBeAbleToRegisterwithInvalidUserNameInvalidEmailAndBlankPassword" time="0.512" classname="WeKanTest.SignUpTestSuite"/>
  <testcase name="toVerifyUserShouldNotBeAbleToRegisterwithInvalidUserNameBlankEmailAndValidPassword" time="0.437" classname="WeKanTest.SignUpTestSuite"/>
  <testcase name="toVerifyUserShouldNotBeAbleToRegisterwithInvalidUserNameBlankEmailAndInvalidPassword" time="0.524" classname="WeKanTest.SignUpTestSuite"/>
  <testcase name="toVerifyUserShouldNotBeAbleToRegisterwithInvalidUserNameBlankEmailAndBlankPassword" time="0.411" classname="WeKanTest.SignUpTestSuite"/>
  <testcase name="toVerifyUserShouldNotBeAbleToRegisterwithBlankUserNameValidEmailAndValidPassword" time="0.553" classname="WeKanTest.SignUpTestSuite"/>
  <testcase name="toVerifyUserShouldNotBeAbleToRegisterwithBlankUserNameValidEmailAndInvalidPassword" time="0.543" classname="WeKanTest.SignUpTestSuite"/>
  <testcase name="toVerifyUserShouldNotBeAbleToRegisterwithBlankUserNameValidEmailAndBlankPassword" time="0.428" classname="WeKanTest.SignUpTestSuite"/>
  <testcase name="toVerifyUserShouldNotBeAbleToRegisterwithBlankUserNameInvalidEmailAndValidPassword" time="0.509" classname="WeKanTest.SignUpTestSuite"/>
  <testcase name="toVerifyUserShouldNotBeAbleToRegisterwithBlankUserNameInvalidEmailAndInvalidPassword" time="0.502" classname="WeKanTest.SignUpTestSuite"/>
  <testcase name="toVerifyUserShouldNotBeAbleToRegisterwithBlankUserNameInvalidEmailAndBlankPassword" time="0.433" classname="WeKanTest.SignUpTestSuite"/>
  <testcase name="toVerifyUserShouldNotBeAbleToRegisterwithBlankUserNameBlankEmailAndValidPassword" time="0.378" classname="WeKanTest.SignUpTestSuite"/>
  <testcase name="toVerifyUserShouldNotBeAbleToRegisterwithBlankUserNameBlankEmailAndInvalidPassword" time="0.445" classname="WeKanTest.SignUpTestSuite"/>
  <testcase name="toVerifyUserShouldNotBeAbleToRegisterwithInvalidUserNameInvalidEmailAndInvalidPassword" time="4.957" classname="WeKanTest.SignUpTestSuite"/>
  <testcase name="toVerifyUserShouldNotBeAbleToRegisterwithBlankUserNameBlankEmailAndBlankPassword" time="0.353" classname="WeKanTest.SignUpTestSuite"/>
  <testcase name="toVerifyUserShouldNotBeAbleToRegisterwithSameUserNameSameEmailAndValidPassword" time="0.732" classname="WeKanTest.SignUpTestSuite"/>
  <testcase name="toVerifyUserShouldNotBeAbleToRegisterwithSameUserNameValidEmailAndValidPassword" time="0.714" classname="WeKanTest.SignUpTestSuite"/>
  <testcase name="toVerifyUserShouldNotBeAbleToRegisterwithSameUserNameInvalidEmailAndValidPassword" time="0.651" classname="WeKanTest.SignUpTestSuite"/>
  <testcase name="toVerifyUserShouldNotBeAbleToRegisterwithValidUserNameSameEmailAndValidPassword" time="0.762" classname="WeKanTest.SignUpTestSuite"/>
  <testcase name="toVerifyUserShouldNotBeAbleToRegisterwithInvalidUserNameSameEmailAndValidPassword" time="0.526" classname="WeKanTest.SignUpTestSuite"/>
</testsuite> <!-- WeKanTest -->
